<?xml version="1.0" encoding="UTF-8"?>
<testng-results skipped="0" failed="0" ignored="0" total="1" passed="1">
  <reporter-output>
  </reporter-output>
  <suite name="Suite" duration-ms="15" started-at="2017-12-03T14:05:27Z" finished-at="2017-12-03T14:05:27Z">
    <groups>
    </groups>
    <test name="Test" duration-ms="15" started-at="2017-12-03T14:05:27Z" finished-at="2017-12-03T14:05:27Z">
      <class name="openBrowser.NewTest">
        <test-method status="PASS" signature="hello()[pri:0, instance:openBrowser.NewTest@7006c658]" name="hello" duration-ms="3" started-at="2017-12-03T22:05:27Z" finished-at="2017-12-03T22:05:27Z">
          <reporter-output>
          </reporter-output>
        </test-method> <!-- hello -->
      </class> <!-- openBrowser.NewTest -->
    </test> <!-- Test -->
  </suite> <!-- Suite -->
</testng-results>
